# JRE version: OpenJDK Runtime Environment Temurin-17.0.7+7 (17.0.7+7) (build 17.0.7+7)
# Java VM: OpenJDK 64-Bit Server VM Temurin-17.0.7+7 (17.0.7+7, mixed mode, sharing, tiered, compressed oops, compressed class ptrs, g1 gc, windows-amd64)
GC Precious Log:
 CPUs: 12 total, 12 available
 Memory: 15741M
 Large Page Support: Disabled
 NUMA Support: Disabled
 Compressed Oops: Enabled (Zero based)
 Heap Region Size: 2M
 Heap Min Capacity: 512M
 Heap Initial Capacity: 512M
 Heap Max Capacity: 4072M
 Pre-touch: Disabled
 Parallel Workers: 10
 Concurrent Workers: 3
 Concurrent Refinement Workers: 10
 Periodic GC: Disabled
 String Deduplication is enabled
Heap:
 garbage-first heap   total 880640K, used 275783K [0x0000000701800000, 0x0000000800000000)
  region size 2048K, 9 young (18432K), 1 survivors (2048K)
 Metaspace       used 106192K, committed 106944K, reserved 1179648K
  class space    used 15993K, committed 16448K, reserved 1048576K
GC Heap History (20 events):
Event: 4193.492 GC heap before
{Heap before GC invocations=302 (full 28):
 garbage-first heap   total 880640K, used 337068K [0x0000000701800000, 0x0000000800000000)
  region size 2048K, 40 young (81920K), 3 survivors (6144K)
 Metaspace       used 106120K, committed 106880K, reserved 1179648K
  class space    used 15993K, committed 16448K, reserved 1048576K
}
Event: 4193.495 GC heap after
{Heap after GC invocations=303 (full 28):
 garbage-first heap   total 880640K, used 261375K [0x0000000701800000, 0x0000000800000000)
  region size 2048K, 3 young (6144K), 3 survivors (6144K)
 Metaspace       used 106120K, committed 106880K, reserved 1179648K
  class space    used 15993K, committed 16448K, reserved 1048576K
}
Event: 4209.326 GC heap before
{Heap before GC invocations=303 (full 28):
 garbage-first heap   total 880640K, used 337151K [0x0000000701800000, 0x0000000800000000)
  region size 2048K, 41 young (83968K), 3 survivors (6144K)
 Metaspace       used 106134K, committed 106944K, reserved 1179648K
  class space    used 15993K, committed 16448K, reserved 1048576K
}
Event: 4209.330 GC heap after
{Heap after GC invocations=304 (full 28):
 garbage-first heap   total 880640K, used 261227K [0x0000000701800000, 0x0000000800000000)
  region size 2048K, 3 young (6144K), 3 survivors (6144K)
 Metaspace       used 106134K, committed 106944K, reserved 1179648K
  class space    used 15993K, committed 16448K, reserved 1048576K
}
Event: 4224.785 GC heap before
{Heap before GC invocations=304 (full 28):
 garbage-first heap   total 880640K, used 337003K [0x0000000701800000, 0x0000000800000000)
  region size 2048K, 40 young (81920K), 3 survivors (6144K)
 Metaspace       used 106139K, committed 106944K, reserved 1179648K
  class space    used 15993K, committed 16448K, reserved 1048576K
}
Event: 4224.789 GC heap after
{Heap after GC invocations=305 (full 28):
 garbage-first heap   total 880640K, used 261204K [0x0000000701800000, 0x0000000800000000)
  region size 2048K, 2 young (4096K), 2 survivors (4096K)
 Metaspace       used 106139K, committed 106944K, reserved 1179648K
  class space    used 15993K, committed 16448K, reserved 1048576K
}
Event: 4248.169 GC heap before
{Heap before GC invocations=305 (full 28):
 garbage-first heap   total 880640K, used 339028K [0x0000000701800000, 0x0000000800000000)
  region size 2048K, 40 young (81920K), 2 survivors (4096K)
 Metaspace       used 106141K, committed 106944K, reserved 1179648K
  class space    used 15993K, committed 16448K, reserved 1048576K
}
Event: 4248.172 GC heap after
{Heap after GC invocations=306 (full 28):
 garbage-first heap   total 880640K, used 261373K [0x0000000701800000, 0x0000000800000000)
  region size 2048K, 2 young (4096K), 2 survivors (4096K)
 Metaspace       used 106141K, committed 106944K, reserved 1179648K
  class space    used 15993K, committed 16448K, reserved 1048576K
}
Event: 4264.139 GC heap before
{Heap before GC invocations=306 (full 28):
 garbage-first heap   total 880640K, used 339197K [0x0000000701800000, 0x0000000800000000)
  region size 2048K, 40 young (81920K), 2 survivors (4096K)
 Metaspace       used 106148K, committed 106944K, reserved 1179648K
  class space    used 15993K, committed 16448K, reserved 1048576K
}
Event: 4264.143 GC heap after
{Heap after GC invocations=307 (full 28):
 garbage-first heap   total 880640K, used 261314K [0x0000000701800000, 0x0000000800000000)
  region size 2048K, 2 young (4096K), 2 survivors (4096K)
 Metaspace       used 106148K, committed 106944K, reserved 1179648K
  class space    used 15993K, committed 16448K, reserved 1048576K
}
Event: 4292.878 GC heap before
{Heap before GC invocations=307 (full 28):
 garbage-first heap   total 880640K, used 339138K [0x0000000701800000, 0x0000000800000000)
  region size 2048K, 40 young (81920K), 2 survivors (4096K)
 Metaspace       used 106152K, committed 106944K, reserved 1179648K
  class space    used 15993K, committed 16448K, reserved 1048576K
}
Event: 4292.882 GC heap after
{Heap after GC invocations=308 (full 28):
 garbage-first heap   total 880640K, used 261301K [0x0000000701800000, 0x0000000800000000)
  region size 2048K, 2 young (4096K), 2 survivors (4096K)
 Metaspace       used 106152K, committed 106944K, reserved 1179648K
  class space    used 15993K, committed 16448K, reserved 1048576K
}
Event: 4309.183 GC heap before
{Heap before GC invocations=308 (full 28):
 garbage-first heap   total 880640K, used 339125K [0x0000000701800000, 0x0000000800000000)
  region size 2048K, 40 young (81920K), 2 survivors (4096K)
 Metaspace       used 106155K, committed 106944K, reserved 1179648K
  class space    used 15993K, committed 16448K, reserved 1048576K
}
Event: 4309.185 GC heap after
{Heap after GC invocations=309 (full 28):
 garbage-first heap   total 880640K, used 261340K [0x0000000701800000, 0x0000000800000000)
  region size 2048K, 1 young (2048K), 1 survivors (2048K)
 Metaspace       used 106155K, committed 106944K, reserved 1179648K
  class space    used 15993K, committed 16448K, reserved 1048576K
}
Event: 4322.505 GC heap before
{Heap before GC invocations=309 (full 28):
 garbage-first heap   total 880640K, used 341212K [0x0000000701800000, 0x0000000800000000)
  region size 2048K, 40 young (81920K), 1 survivors (2048K)
 Metaspace       used 106175K, committed 106944K, reserved 1179648K
  class space    used 15993K, committed 16448K, reserved 1048576K
}
Event: 4322.508 GC heap after
{Heap after GC invocations=310 (full 28):
 garbage-first heap   total 880640K, used 262232K [0x0000000701800000, 0x0000000800000000)
  region size 2048K, 2 young (4096K), 2 survivors (4096K)
 Metaspace       used 106175K, committed 106944K, reserved 1179648K
  class space    used 15993K, committed 16448K, reserved 1048576K
}
Event: 4327.140 GC heap before
{Heap before GC invocations=310 (full 28):
 garbage-first heap   total 880640K, used 340056K [0x0000000701800000, 0x0000000800000000)
  region size 2048K, 40 young (81920K), 2 survivors (4096K)
 Metaspace       used 106185K, committed 106944K, reserved 1179648K
  class space    used 15993K, committed 16448K, reserved 1048576K
}
Event: 4327.143 GC heap after
{Heap after GC invocations=311 (full 28):
 garbage-first heap   total 880640K, used 261590K [0x0000000701800000, 0x0000000800000000)
  region size 2048K, 1 young (2048K), 1 survivors (2048K)
 Metaspace       used 106185K, committed 106944K, reserved 1179648K
  class space    used 15993K, committed 16448K, reserved 1048576K
}
Event: 4366.536 GC heap before
{Heap before GC invocations=311 (full 28):
 garbage-first heap   total 880640K, used 339414K [0x0000000701800000, 0x0000000800000000)
  region size 2048K, 40 young (81920K), 1 survivors (2048K)
 Metaspace       used 106189K, committed 106944K, reserved 1179648K
  class space    used 15993K, committed 16448K, reserved 1048576K
}
Event: 4366.539 GC heap after
{Heap after GC invocations=312 (full 28):
 garbage-first heap   total 880640K, used 261447K [0x0000000701800000, 0x0000000800000000)
  region size 2048K, 1 young (2048K), 1 survivors (2048K)
 Metaspace       used 106189K, committed 106944K, reserved 1179648K
  class space    used 15993K, committed 16448K, reserved 1048576K
}

